{
  "RSpec": {
    "coverage": {
      "/home/seth/Development/ruby/tic-tac-toe-rb/lib/tic_tac_toe.rb": [
        null,
        1,
        21,
        14,
        null,
        7,
        null,
        null,
        null,
        null,
        1,
        25,
        25,
        25,
        25,
        25,
        null,
        null,
        null,
        1,
        21,
        4,
        4,
        null,
        null,
        null,
        null,
        1,
        38,
        null,
        null,
        null,
        1,
        24,
        null,
        null,
        null,
        1,
        23,
        null,
        null,
        null,
        1,
        22,
        6,
        16,
        3,
        13,
        1,
        null,
        12,
        null,
        null,
        null,
        null,
        1,
        26,
        null,
        null,
        null,
        1,
        12,
        18,
        null,
        12,
        5,
        null,
        7,
        null,
        null,
        null,
        null,
        1,
        21,
        21,
        21,
        21,
        20,
        20,
        null,
        1,
        null,
        null,
        null,
        null,
        1,
        220,
        null,
        null,
        null,
        1,
        24,
        null,
        null,
        null,
        null,
        1,
        null,
        null,
        null,
        null,
        null,
        1,
        null,
        7,
        41,
        41,
        41,
        null,
        41,
        41,
        41,
        null,
        41,
        4,
        null,
        null,
        null,
        null,
        3,
        16,
        16,
        16,
        null,
        16,
        16,
        16,
        null,
        16,
        2,
        null,
        null,
        null,
        null,
        null,
        null,
        1,
        null,
        36,
        254,
        254,
        254,
        null,
        254,
        254,
        254,
        null,
        254,
        9,
        null,
        null,
        null,
        null,
        27,
        206,
        206,
        206,
        null,
        206,
        206,
        206,
        null,
        206,
        2,
        null,
        null,
        25,
        null,
        null,
        null
      ]
    },
    "timestamp": 1636340603
  }
}
